[    4141ms] [INFO] %cDownload the React DevTools for a better development experience: https://react.dev/link/react-devtools font-weight:bold @ webpack-internal:///(app-pages-browser)/../../node_modules/.pnpm/next@15.5.12_@babel+core@7.29.0_@playwright+test@1.58.2_react-dom@19.2.4_react@19.2.4__react@19.2.4/node_modules/next/dist/compiled/react-dom-experimental/cjs/react-dom-client.development.js:31545
[    4300ms] [WARNING] <meta name="apple-mobile-web-app-capable" content="yes"> is deprecated. Please include <meta name="mobile-web-app-capable" content="yes"> @ http://localhost:3000/assets:0
[    4353ms] [ERROR] Failed to load resource: the server responded with a status of 404 (Not Found) @ http://localhost:3000/favicon.ico:0
[  277862ms] [LOG] [Fast Refresh] rebuilding @ webpack-internal:///(app-pages-browser)/../../node_modules/.pnpm/next@15.5.12_@babel+core@7.29.0_@playwright+test@1.58.2_react-dom@19.2.4_react@19.2.4__react@19.2.4/node_modules/next/dist/client/dev/hot-reloader/app/hot-reloader-app.js:196
[  279016ms] [LOG] [Fast Refresh] rebuilding @ webpack-internal:///(app-pages-browser)/../../node_modules/.pnpm/next@15.5.12_@babel+core@7.29.0_@playwright+test@1.58.2_react-dom@19.2.4_react@19.2.4__react@19.2.4/node_modules/next/dist/client/dev/hot-reloader/app/hot-reloader-app.js:196
[  279149ms] [LOG] [Fast Refresh] done in 132ms @ webpack-internal:///(app-pages-browser)/../../node_modules/.pnpm/next@15.5.12_@babel+core@7.29.0_@playwright+test@1.58.2_react-dom@19.2.4_react@19.2.4__react@19.2.4/node_modules/next/dist/client/dev/report-hmr-latency.js:13
[  279809ms] [LOG] [Fast Refresh] done in 792ms @ webpack-internal:///(app-pages-browser)/../../node_modules/.pnpm/next@15.5.12_@babel+core@7.29.0_@playwright+test@1.58.2_react-dom@19.2.4_react@19.2.4__react@19.2.4/node_modules/next/dist/client/dev/report-hmr-latency.js:13
[  280145ms] [WARNING] <meta name="apple-mobile-web-app-capable" content="yes"> is deprecated. Please include <meta name="mobile-web-app-capable" content="yes"> @ http://localhost:3000/assets:0
[  319416ms] [LOG] [Fast Refresh] rebuilding @ webpack-internal:///(app-pages-browser)/../../node_modules/.pnpm/next@15.5.12_@babel+core@7.29.0_@playwright+test@1.58.2_react-dom@19.2.4_react@19.2.4__react@19.2.4/node_modules/next/dist/client/dev/hot-reloader/app/hot-reloader-app.js:196
[  319823ms] [LOG] [Fast Refresh] rebuilding @ webpack-internal:///(app-pages-browser)/../../node_modules/.pnpm/next@15.5.12_@babel+core@7.29.0_@playwright+test@1.58.2_react-dom@19.2.4_react@19.2.4__react@19.2.4/node_modules/next/dist/client/dev/hot-reloader/app/hot-reloader-app.js:196
[  320008ms] [LOG] [Fast Refresh] done in 185ms @ webpack-internal:///(app-pages-browser)/../../node_modules/.pnpm/next@15.5.12_@babel+core@7.29.0_@playwright+test@1.58.2_react-dom@19.2.4_react@19.2.4__react@19.2.4/node_modules/next/dist/client/dev/report-hmr-latency.js:13
[  320345ms] [LOG] [Fast Refresh] done in 523ms @ webpack-internal:///(app-pages-browser)/../../node_modules/.pnpm/next@15.5.12_@babel+core@7.29.0_@playwright+test@1.58.2_react-dom@19.2.4_react@19.2.4__react@19.2.4/node_modules/next/dist/client/dev/report-hmr-latency.js:13
[  320613ms] [WARNING] <meta name="apple-mobile-web-app-capable" content="yes"> is deprecated. Please include <meta name="mobile-web-app-capable" content="yes"> @ http://localhost:3000/assets:0
[  353144ms] [LOG] [Fast Refresh] rebuilding @ webpack-internal:///(app-pages-browser)/../../node_modules/.pnpm/next@15.5.12_@babel+core@7.29.0_@playwright+test@1.58.2_react-dom@19.2.4_react@19.2.4__react@19.2.4/node_modules/next/dist/client/dev/hot-reloader/app/hot-reloader-app.js:196
[  354748ms] [LOG] [Fast Refresh] done in 1604ms @ webpack-internal:///(app-pages-browser)/../../node_modules/.pnpm/next@15.5.12_@babel+core@7.29.0_@playwright+test@1.58.2_react-dom@19.2.4_react@19.2.4__react@19.2.4/node_modules/next/dist/client/dev/report-hmr-latency.js:13
[  358173ms] [LOG] [Fast Refresh] rebuilding @ webpack-internal:///(app-pages-browser)/../../node_modules/.pnpm/next@15.5.12_@babel+core@7.29.0_@playwright+test@1.58.2_react-dom@19.2.4_react@19.2.4__react@19.2.4/node_modules/next/dist/client/dev/hot-reloader/app/hot-reloader-app.js:196
[  359106ms] [LOG] [Fast Refresh] done in 933ms @ webpack-internal:///(app-pages-browser)/../../node_modules/.pnpm/next@15.5.12_@babel+core@7.29.0_@playwright+test@1.58.2_react-dom@19.2.4_react@19.2.4__react@19.2.4/node_modules/next/dist/client/dev/report-hmr-latency.js:13
[  376773ms] [LOG] [Fast Refresh] rebuilding @ webpack-internal:///(app-pages-browser)/../../node_modules/.pnpm/next@15.5.12_@babel+core@7.29.0_@playwright+test@1.58.2_react-dom@19.2.4_react@19.2.4__react@19.2.4/node_modules/next/dist/client/dev/hot-reloader/app/hot-reloader-app.js:196
[  377507ms] [LOG] [Fast Refresh] done in 735ms @ webpack-internal:///(app-pages-browser)/../../node_modules/.pnpm/next@15.5.12_@babel+core@7.29.0_@playwright+test@1.58.2_react-dom@19.2.4_react@19.2.4__react@19.2.4/node_modules/next/dist/client/dev/report-hmr-latency.js:13
[  377663ms] [WARNING] <meta name="apple-mobile-web-app-capable" content="yes"> is deprecated. Please include <meta name="mobile-web-app-capable" content="yes"> @ http://localhost:3000/assets:0
[  468195ms] [LOG] [Fast Refresh] rebuilding @ webpack-internal:///(app-pages-browser)/../../node_modules/.pnpm/next@15.5.12_@babel+core@7.29.0_@playwright+test@1.58.2_react-dom@19.2.4_react@19.2.4__react@19.2.4/node_modules/next/dist/client/dev/hot-reloader/app/hot-reloader-app.js:196
[  469271ms] [LOG] [Fast Refresh] done in 1076ms @ webpack-internal:///(app-pages-browser)/../../node_modules/.pnpm/next@15.5.12_@babel+core@7.29.0_@playwright+test@1.58.2_react-dom@19.2.4_react@19.2.4__react@19.2.4/node_modules/next/dist/client/dev/report-hmr-latency.js:13
[  469542ms] [WARNING] <meta name="apple-mobile-web-app-capable" content="yes"> is deprecated. Please include <meta name="mobile-web-app-capable" content="yes"> @ http://localhost:3000/assets:0
[  482434ms] [LOG] [Fast Refresh] rebuilding @ webpack-internal:///(app-pages-browser)/../../node_modules/.pnpm/next@15.5.12_@babel+core@7.29.0_@playwright+test@1.58.2_react-dom@19.2.4_react@19.2.4__react@19.2.4/node_modules/next/dist/client/dev/hot-reloader/app/hot-reloader-app.js:196
[  483054ms] [LOG] [Fast Refresh] done in 620ms @ webpack-internal:///(app-pages-browser)/../../node_modules/.pnpm/next@15.5.12_@babel+core@7.29.0_@playwright+test@1.58.2_react-dom@19.2.4_react@19.2.4__react@19.2.4/node_modules/next/dist/client/dev/report-hmr-latency.js:13
[  483401ms] [WARNING] <meta name="apple-mobile-web-app-capable" content="yes"> is deprecated. Please include <meta name="mobile-web-app-capable" content="yes"> @ http://localhost:3000/assets:0
[  541841ms] [LOG] [Fast Refresh] rebuilding @ webpack-internal:///(app-pages-browser)/../../node_modules/.pnpm/next@15.5.12_@babel+core@7.29.0_@playwright+test@1.58.2_react-dom@19.2.4_react@19.2.4__react@19.2.4/node_modules/next/dist/client/dev/hot-reloader/app/hot-reloader-app.js:196
[  542450ms] [LOG] [Fast Refresh] done in 609ms @ webpack-internal:///(app-pages-browser)/../../node_modules/.pnpm/next@15.5.12_@babel+core@7.29.0_@playwright+test@1.58.2_react-dom@19.2.4_react@19.2.4__react@19.2.4/node_modules/next/dist/client/dev/report-hmr-latency.js:13
[  542741ms] [WARNING] <meta name="apple-mobile-web-app-capable" content="yes"> is deprecated. Please include <meta name="mobile-web-app-capable" content="yes"> @ http://localhost:3000/assets:0
[  579773ms] [WARNING] <meta name="apple-mobile-web-app-capable" content="yes"> is deprecated. Please include <meta name="mobile-web-app-capable" content="yes"> @ http://localhost:3000/assets:0
[  592248ms] [WARNING] <meta name="apple-mobile-web-app-capable" content="yes"> is deprecated. Please include <meta name="mobile-web-app-capable" content="yes"> @ http://localhost:3000/assets:0
[ 1676464ms] [WARNING] <meta name="apple-mobile-web-app-capable" content="yes"> is deprecated. Please include <meta name="mobile-web-app-capable" content="yes"> @ http://localhost:3000/assets:0
[ 1979527ms] [LOG] [Fast Refresh] rebuilding @ webpack-internal:///(app-pages-browser)/../../node_modules/.pnpm/next@15.5.12_@babel+core@7.29.0_@playwright+test@1.58.2_react-dom@19.2.4_react@19.2.4__react@19.2.4/node_modules/next/dist/client/dev/hot-reloader/app/hot-reloader-app.js:196
[ 1980483ms] [LOG] [Fast Refresh] rebuilding @ webpack-internal:///(app-pages-browser)/../../node_modules/.pnpm/next@15.5.12_@babel+core@7.29.0_@playwright+test@1.58.2_react-dom@19.2.4_react@19.2.4__react@19.2.4/node_modules/next/dist/client/dev/hot-reloader/app/hot-reloader-app.js:196
[ 1980553ms] [LOG] [Fast Refresh] done in 69ms @ webpack-internal:///(app-pages-browser)/../../node_modules/.pnpm/next@15.5.12_@babel+core@7.29.0_@playwright+test@1.58.2_react-dom@19.2.4_react@19.2.4__react@19.2.4/node_modules/next/dist/client/dev/report-hmr-latency.js:13
[ 1981114ms] [LOG] [Fast Refresh] done in 630ms @ webpack-internal:///(app-pages-browser)/../../node_modules/.pnpm/next@15.5.12_@babel+core@7.29.0_@playwright+test@1.58.2_react-dom@19.2.4_react@19.2.4__react@19.2.4/node_modules/next/dist/client/dev/report-hmr-latency.js:13
[ 1981592ms] [WARNING] <meta name="apple-mobile-web-app-capable" content="yes"> is deprecated. Please include <meta name="mobile-web-app-capable" content="yes"> @ http://localhost:3000/assets:0
[ 2056806ms] [LOG] [Fast Refresh] rebuilding @ webpack-internal:///(app-pages-browser)/../../node_modules/.pnpm/next@15.5.12_@babel+core@7.29.0_@playwright+test@1.58.2_react-dom@19.2.4_react@19.2.4__react@19.2.4/node_modules/next/dist/client/dev/hot-reloader/app/hot-reloader-app.js:196
[ 2057687ms] [LOG] [Fast Refresh] done in 881ms @ webpack-internal:///(app-pages-browser)/../../node_modules/.pnpm/next@15.5.12_@babel+core@7.29.0_@playwright+test@1.58.2_react-dom@19.2.4_react@19.2.4__react@19.2.4/node_modules/next/dist/client/dev/report-hmr-latency.js:13
[ 2058071ms] [WARNING] <meta name="apple-mobile-web-app-capable" content="yes"> is deprecated. Please include <meta name="mobile-web-app-capable" content="yes"> @ http://localhost:3000/assets:0
[ 2104285ms] [LOG] [Fast Refresh] rebuilding @ webpack-internal:///(app-pages-browser)/../../node_modules/.pnpm/next@15.5.12_@babel+core@7.29.0_@playwright+test@1.58.2_react-dom@19.2.4_react@19.2.4__react@19.2.4/node_modules/next/dist/client/dev/hot-reloader/app/hot-reloader-app.js:196
[ 2104794ms] [LOG] [Fast Refresh] rebuilding @ webpack-internal:///(app-pages-browser)/../../node_modules/.pnpm/next@15.5.12_@babel+core@7.29.0_@playwright+test@1.58.2_react-dom@19.2.4_react@19.2.4__react@19.2.4/node_modules/next/dist/client/dev/hot-reloader/app/hot-reloader-app.js:196
[ 2104832ms] [LOG] [Fast Refresh] done in 37ms @ webpack-internal:///(app-pages-browser)/../../node_modules/.pnpm/next@15.5.12_@babel+core@7.29.0_@playwright+test@1.58.2_react-dom@19.2.4_react@19.2.4__react@19.2.4/node_modules/next/dist/client/dev/report-hmr-latency.js:13
[ 2106423ms] [LOG] [Fast Refresh] done in 1628ms @ webpack-internal:///(app-pages-browser)/../../node_modules/.pnpm/next@15.5.12_@babel+core@7.29.0_@playwright+test@1.58.2_react-dom@19.2.4_react@19.2.4__react@19.2.4/node_modules/next/dist/client/dev/report-hmr-latency.js:13
[ 2106860ms] [WARNING] <meta name="apple-mobile-web-app-capable" content="yes"> is deprecated. Please include <meta name="mobile-web-app-capable" content="yes"> @ http://localhost:3000/assets:0
[ 2119623ms] [LOG] [Fast Refresh] rebuilding @ webpack-internal:///(app-pages-browser)/../../node_modules/.pnpm/next@15.5.12_@babel+core@7.29.0_@playwright+test@1.58.2_react-dom@19.2.4_react@19.2.4__react@19.2.4/node_modules/next/dist/client/dev/hot-reloader/app/hot-reloader-app.js:196
[ 2120742ms] [LOG] [Fast Refresh] done in 1119ms @ webpack-internal:///(app-pages-browser)/../../node_modules/.pnpm/next@15.5.12_@babel+core@7.29.0_@playwright+test@1.58.2_react-dom@19.2.4_react@19.2.4__react@19.2.4/node_modules/next/dist/client/dev/report-hmr-latency.js:13
[ 2121215ms] [WARNING] <meta name="apple-mobile-web-app-capable" content="yes"> is deprecated. Please include <meta name="mobile-web-app-capable" content="yes"> @ http://localhost:3000/assets:0
[ 2127322ms] [LOG] [Fast Refresh] rebuilding @ webpack-internal:///(app-pages-browser)/../../node_modules/.pnpm/next@15.5.12_@babel+core@7.29.0_@playwright+test@1.58.2_react-dom@19.2.4_react@19.2.4__react@19.2.4/node_modules/next/dist/client/dev/hot-reloader/app/hot-reloader-app.js:196
[ 2127719ms] [LOG] [Fast Refresh] rebuilding @ webpack-internal:///(app-pages-browser)/../../node_modules/.pnpm/next@15.5.12_@babel+core@7.29.0_@playwright+test@1.58.2_react-dom@19.2.4_react@19.2.4__react@19.2.4/node_modules/next/dist/client/dev/hot-reloader/app/hot-reloader-app.js:196
[ 2127758ms] [LOG] [Fast Refresh] done in 39ms @ webpack-internal:///(app-pages-browser)/../../node_modules/.pnpm/next@15.5.12_@babel+core@7.29.0_@playwright+test@1.58.2_react-dom@19.2.4_react@19.2.4__react@19.2.4/node_modules/next/dist/client/dev/report-hmr-latency.js:13
[ 2128449ms] [LOG] [Fast Refresh] done in 730ms @ webpack-internal:///(app-pages-browser)/../../node_modules/.pnpm/next@15.5.12_@babel+core@7.29.0_@playwright+test@1.58.2_react-dom@19.2.4_react@19.2.4__react@19.2.4/node_modules/next/dist/client/dev/report-hmr-latency.js:13
[ 2128760ms] [WARNING] <meta name="apple-mobile-web-app-capable" content="yes"> is deprecated. Please include <meta name="mobile-web-app-capable" content="yes"> @ http://localhost:3000/assets:0
[ 2136660ms] [LOG] [Fast Refresh] rebuilding @ webpack-internal:///(app-pages-browser)/../../node_modules/.pnpm/next@15.5.12_@babel+core@7.29.0_@playwright+test@1.58.2_react-dom@19.2.4_react@19.2.4__react@19.2.4/node_modules/next/dist/client/dev/hot-reloader/app/hot-reloader-app.js:196
[ 2137288ms] [LOG] [Fast Refresh] done in 628ms @ webpack-internal:///(app-pages-browser)/../../node_modules/.pnpm/next@15.5.12_@babel+core@7.29.0_@playwright+test@1.58.2_react-dom@19.2.4_react@19.2.4__react@19.2.4/node_modules/next/dist/client/dev/report-hmr-latency.js:13
[ 2138188ms] [WARNING] <meta name="apple-mobile-web-app-capable" content="yes"> is deprecated. Please include <meta name="mobile-web-app-capable" content="yes"> @ http://localhost:3000/assets:0
[ 2157008ms] [LOG] [Fast Refresh] rebuilding @ webpack-internal:///(app-pages-browser)/../../node_modules/.pnpm/next@15.5.12_@babel+core@7.29.0_@playwright+test@1.58.2_react-dom@19.2.4_react@19.2.4__react@19.2.4/node_modules/next/dist/client/dev/hot-reloader/app/hot-reloader-app.js:196
[ 2157726ms] [LOG] [Fast Refresh] done in 719ms @ webpack-internal:///(app-pages-browser)/../../node_modules/.pnpm/next@15.5.12_@babel+core@7.29.0_@playwright+test@1.58.2_react-dom@19.2.4_react@19.2.4__react@19.2.4/node_modules/next/dist/client/dev/report-hmr-latency.js:13
[ 2158692ms] [WARNING] <meta name="apple-mobile-web-app-capable" content="yes"> is deprecated. Please include <meta name="mobile-web-app-capable" content="yes"> @ http://localhost:3000/assets:0
[ 2173141ms] [LOG] [Fast Refresh] rebuilding @ webpack-internal:///(app-pages-browser)/../../node_modules/.pnpm/next@15.5.12_@babel+core@7.29.0_@playwright+test@1.58.2_react-dom@19.2.4_react@19.2.4__react@19.2.4/node_modules/next/dist/client/dev/hot-reloader/app/hot-reloader-app.js:196
[ 2174407ms] [LOG] [Fast Refresh] done in 1266ms @ webpack-internal:///(app-pages-browser)/../../node_modules/.pnpm/next@15.5.12_@babel+core@7.29.0_@playwright+test@1.58.2_react-dom@19.2.4_react@19.2.4__react@19.2.4/node_modules/next/dist/client/dev/report-hmr-latency.js:13
[ 2174773ms] [WARNING] <meta name="apple-mobile-web-app-capable" content="yes"> is deprecated. Please include <meta name="mobile-web-app-capable" content="yes"> @ http://localhost:3000/assets:0
[ 2387643ms] [LOG] [Fast Refresh] rebuilding @ webpack-internal:///(app-pages-browser)/../../node_modules/.pnpm/next@15.5.12_@babel+core@7.29.0_@playwright+test@1.58.2_react-dom@19.2.4_react@19.2.4__react@19.2.4/node_modules/next/dist/client/dev/hot-reloader/app/hot-reloader-app.js:196
[ 2388413ms] [LOG] [Fast Refresh] done in 769ms @ webpack-internal:///(app-pages-browser)/../../node_modules/.pnpm/next@15.5.12_@babel+core@7.29.0_@playwright+test@1.58.2_react-dom@19.2.4_react@19.2.4__react@19.2.4/node_modules/next/dist/client/dev/report-hmr-latency.js:13
[ 2388818ms] [WARNING] <meta name="apple-mobile-web-app-capable" content="yes"> is deprecated. Please include <meta name="mobile-web-app-capable" content="yes"> @ http://localhost:3000/assets:0
[ 2405050ms] [LOG] [Fast Refresh] rebuilding @ webpack-internal:///(app-pages-browser)/../../node_modules/.pnpm/next@15.5.12_@babel+core@7.29.0_@playwright+test@1.58.2_react-dom@19.2.4_react@19.2.4__react@19.2.4/node_modules/next/dist/client/dev/hot-reloader/app/hot-reloader-app.js:196
[ 2407251ms] [LOG] [Fast Refresh] done in 2200ms @ webpack-internal:///(app-pages-browser)/../../node_modules/.pnpm/next@15.5.12_@babel+core@7.29.0_@playwright+test@1.58.2_react-dom@19.2.4_react@19.2.4__react@19.2.4/node_modules/next/dist/client/dev/report-hmr-latency.js:13
[ 2407675ms] [WARNING] <meta name="apple-mobile-web-app-capable" content="yes"> is deprecated. Please include <meta name="mobile-web-app-capable" content="yes"> @ http://localhost:3000/assets:0
[ 2466202ms] [WARNING] <meta name="apple-mobile-web-app-capable" content="yes"> is deprecated. Please include <meta name="mobile-web-app-capable" content="yes"> @ http://localhost:3000/assets:0
[ 2504615ms] [LOG] [Fast Refresh] rebuilding @ webpack-internal:///(app-pages-browser)/../../node_modules/.pnpm/next@15.5.12_@babel+core@7.29.0_@playwright+test@1.58.2_react-dom@19.2.4_react@19.2.4__react@19.2.4/node_modules/next/dist/client/dev/hot-reloader/app/hot-reloader-app.js:196
[ 2505881ms] [LOG] [Fast Refresh] done in 1267ms @ webpack-internal:///(app-pages-browser)/../../node_modules/.pnpm/next@15.5.12_@babel+core@7.29.0_@playwright+test@1.58.2_react-dom@19.2.4_react@19.2.4__react@19.2.4/node_modules/next/dist/client/dev/report-hmr-latency.js:13
[ 2506206ms] [WARNING] <meta name="apple-mobile-web-app-capable" content="yes"> is deprecated. Please include <meta name="mobile-web-app-capable" content="yes"> @ http://localhost:3000/assets:0
[ 2512962ms] [LOG] [Fast Refresh] rebuilding @ webpack-internal:///(app-pages-browser)/../../node_modules/.pnpm/next@15.5.12_@babel+core@7.29.0_@playwright+test@1.58.2_react-dom@19.2.4_react@19.2.4__react@19.2.4/node_modules/next/dist/client/dev/hot-reloader/app/hot-reloader-app.js:196
[ 2513389ms] [LOG] [Fast Refresh] done in 428ms @ webpack-internal:///(app-pages-browser)/../../node_modules/.pnpm/next@15.5.12_@babel+core@7.29.0_@playwright+test@1.58.2_react-dom@19.2.4_react@19.2.4__react@19.2.4/node_modules/next/dist/client/dev/report-hmr-latency.js:13
[ 2514478ms] [WARNING] <meta name="apple-mobile-web-app-capable" content="yes"> is deprecated. Please include <meta name="mobile-web-app-capable" content="yes"> @ http://localhost:3000/assets:0
[ 2585647ms] [LOG] [Fast Refresh] rebuilding @ webpack-internal:///(app-pages-browser)/../../node_modules/.pnpm/next@15.5.12_@babel+core@7.29.0_@playwright+test@1.58.2_react-dom@19.2.4_react@19.2.4__react@19.2.4/node_modules/next/dist/client/dev/hot-reloader/app/hot-reloader-app.js:196
[ 2586804ms] [LOG] [Fast Refresh] done in 1156ms @ webpack-internal:///(app-pages-browser)/../../node_modules/.pnpm/next@15.5.12_@babel+core@7.29.0_@playwright+test@1.58.2_react-dom@19.2.4_react@19.2.4__react@19.2.4/node_modules/next/dist/client/dev/report-hmr-latency.js:13
[ 2633359ms] [LOG] [Fast Refresh] rebuilding @ webpack-internal:///(app-pages-browser)/../../node_modules/.pnpm/next@15.5.12_@babel+core@7.29.0_@playwright+test@1.58.2_react-dom@19.2.4_react@19.2.4__react@19.2.4/node_modules/next/dist/client/dev/hot-reloader/app/hot-reloader-app.js:196
[ 2634850ms] [LOG] [Fast Refresh] done in 1491ms @ webpack-internal:///(app-pages-browser)/../../node_modules/.pnpm/next@15.5.12_@babel+core@7.29.0_@playwright+test@1.58.2_react-dom@19.2.4_react@19.2.4__react@19.2.4/node_modules/next/dist/client/dev/report-hmr-latency.js:13
[ 2816030ms] [LOG] [Fast Refresh] rebuilding @ webpack-internal:///(app-pages-browser)/../../node_modules/.pnpm/next@15.5.12_@babel+core@7.29.0_@playwright+test@1.58.2_react-dom@19.2.4_react@19.2.4__react@19.2.4/node_modules/next/dist/client/dev/hot-reloader/app/hot-reloader-app.js:196
[ 2817127ms] [LOG] [Fast Refresh] rebuilding @ webpack-internal:///(app-pages-browser)/../../node_modules/.pnpm/next@15.5.12_@babel+core@7.29.0_@playwright+test@1.58.2_react-dom@19.2.4_react@19.2.4__react@19.2.4/node_modules/next/dist/client/dev/hot-reloader/app/hot-reloader-app.js:196
[ 2817255ms] [LOG] [Fast Refresh] done in 127ms @ webpack-internal:///(app-pages-browser)/../../node_modules/.pnpm/next@15.5.12_@babel+core@7.29.0_@playwright+test@1.58.2_react-dom@19.2.4_react@19.2.4__react@19.2.4/node_modules/next/dist/client/dev/report-hmr-latency.js:13
[ 2817756ms] [LOG] [Fast Refresh] done in 629ms @ webpack-internal:///(app-pages-browser)/../../node_modules/.pnpm/next@15.5.12_@babel+core@7.29.0_@playwright+test@1.58.2_react-dom@19.2.4_react@19.2.4__react@19.2.4/node_modules/next/dist/client/dev/report-hmr-latency.js:13
[ 2818008ms] [WARNING] <meta name="apple-mobile-web-app-capable" content="yes"> is deprecated. Please include <meta name="mobile-web-app-capable" content="yes"> @ http://localhost:3000/assets:0
[ 2821043ms] [WARNING] The resource http://localhost:3000/_next/static/css/app/layout.css?v=1777881050057 was preloaded using link preload but not used within a few seconds from the window's load event. Please make sure it has an appropriate `as` value and it is preloaded intentionally. @ http://localhost:3000/assets:0
[ 2885772ms] [LOG] [Fast Refresh] rebuilding @ webpack-internal:///(app-pages-browser)/../../node_modules/.pnpm/next@15.5.12_@babel+core@7.29.0_@playwright+test@1.58.2_react-dom@19.2.4_react@19.2.4__react@19.2.4/node_modules/next/dist/client/dev/hot-reloader/app/hot-reloader-app.js:196
[ 2886713ms] [LOG] [Fast Refresh] done in 941ms @ webpack-internal:///(app-pages-browser)/../../node_modules/.pnpm/next@15.5.12_@babel+core@7.29.0_@playwright+test@1.58.2_react-dom@19.2.4_react@19.2.4__react@19.2.4/node_modules/next/dist/client/dev/report-hmr-latency.js:13
[ 2887010ms] [WARNING] <meta name="apple-mobile-web-app-capable" content="yes"> is deprecated. Please include <meta name="mobile-web-app-capable" content="yes"> @ http://localhost:3000/assets:0
[ 2890050ms] [WARNING] The resource http://localhost:3000/_next/static/css/app/layout.css?v=1777881050057 was preloaded using link preload but not used within a few seconds from the window's load event. Please make sure it has an appropriate `as` value and it is preloaded intentionally. @ http://localhost:3000/assets:0
[ 2903686ms] [LOG] [Fast Refresh] rebuilding @ webpack-internal:///(app-pages-browser)/../../node_modules/.pnpm/next@15.5.12_@babel+core@7.29.0_@playwright+test@1.58.2_react-dom@19.2.4_react@19.2.4__react@19.2.4/node_modules/next/dist/client/dev/hot-reloader/app/hot-reloader-app.js:196
[ 2904210ms] [LOG] [Fast Refresh] done in 523ms @ webpack-internal:///(app-pages-browser)/../../node_modules/.pnpm/next@15.5.12_@babel+core@7.29.0_@playwright+test@1.58.2_react-dom@19.2.4_react@19.2.4__react@19.2.4/node_modules/next/dist/client/dev/report-hmr-latency.js:13
[ 2905995ms] [WARNING] <meta name="apple-mobile-web-app-capable" content="yes"> is deprecated. Please include <meta name="mobile-web-app-capable" content="yes"> @ http://localhost:3000/assets:0
[ 2909030ms] [WARNING] The resource http://localhost:3000/_next/static/css/app/layout.css?v=1777881050057 was preloaded using link preload but not used within a few seconds from the window's load event. Please make sure it has an appropriate `as` value and it is preloaded intentionally. @ http://localhost:3000/assets:0
[ 2965772ms] [LOG] [Fast Refresh] rebuilding @ webpack-internal:///(app-pages-browser)/../../node_modules/.pnpm/next@15.5.12_@babel+core@7.29.0_@playwright+test@1.58.2_react-dom@19.2.4_react@19.2.4__react@19.2.4/node_modules/next/dist/client/dev/hot-reloader/app/hot-reloader-app.js:196
[ 2970021ms] [LOG] [Fast Refresh] done in 4248ms @ webpack-internal:///(app-pages-browser)/../../node_modules/.pnpm/next@15.5.12_@babel+core@7.29.0_@playwright+test@1.58.2_react-dom@19.2.4_react@19.2.4__react@19.2.4/node_modules/next/dist/client/dev/report-hmr-latency.js:13
[ 2970912ms] [WARNING] <meta name="apple-mobile-web-app-capable" content="yes"> is deprecated. Please include <meta name="mobile-web-app-capable" content="yes"> @ http://localhost:3000/assets:0
[ 2973960ms] [WARNING] The resource http://localhost:3000/_next/static/css/app/layout.css?v=1777881050057 was preloaded using link preload but not used within a few seconds from the window's load event. Please make sure it has an appropriate `as` value and it is preloaded intentionally. @ http://localhost:3000/assets:0
[ 2981495ms] [LOG] [Fast Refresh] rebuilding @ webpack-internal:///(app-pages-browser)/../../node_modules/.pnpm/next@15.5.12_@babel+core@7.29.0_@playwright+test@1.58.2_react-dom@19.2.4_react@19.2.4__react@19.2.4/node_modules/next/dist/client/dev/hot-reloader/app/hot-reloader-app.js:196
[ 2982730ms] [LOG] [Fast Refresh] done in 1235ms @ webpack-internal:///(app-pages-browser)/../../node_modules/.pnpm/next@15.5.12_@babel+core@7.29.0_@playwright+test@1.58.2_react-dom@19.2.4_react@19.2.4__react@19.2.4/node_modules/next/dist/client/dev/report-hmr-latency.js:13
[ 2983442ms] [WARNING] <meta name="apple-mobile-web-app-capable" content="yes"> is deprecated. Please include <meta name="mobile-web-app-capable" content="yes"> @ http://localhost:3000/assets:0
[ 2986490ms] [WARNING] The resource http://localhost:3000/_next/static/css/app/layout.css?v=1777881050057 was preloaded using link preload but not used within a few seconds from the window's load event. Please make sure it has an appropriate `as` value and it is preloaded intentionally. @ http://localhost:3000/assets:0
[ 3033887ms] [LOG] [Fast Refresh] rebuilding @ webpack-internal:///(app-pages-browser)/../../node_modules/.pnpm/next@15.5.12_@babel+core@7.29.0_@playwright+test@1.58.2_react-dom@19.2.4_react@19.2.4__react@19.2.4/node_modules/next/dist/client/dev/hot-reloader/app/hot-reloader-app.js:196
[ 3034508ms] [LOG] [Fast Refresh] rebuilding @ webpack-internal:///(app-pages-browser)/../../node_modules/.pnpm/next@15.5.12_@babel+core@7.29.0_@playwright+test@1.58.2_react-dom@19.2.4_react@19.2.4__react@19.2.4/node_modules/next/dist/client/dev/hot-reloader/app/hot-reloader-app.js:196
[ 3034580ms] [LOG] [Fast Refresh] done in 71ms @ webpack-internal:///(app-pages-browser)/../../node_modules/.pnpm/next@15.5.12_@babel+core@7.29.0_@playwright+test@1.58.2_react-dom@19.2.4_react@19.2.4__react@19.2.4/node_modules/next/dist/client/dev/report-hmr-latency.js:13
[ 3035342ms] [LOG] [Fast Refresh] done in 834ms @ webpack-internal:///(app-pages-browser)/../../node_modules/.pnpm/next@15.5.12_@babel+core@7.29.0_@playwright+test@1.58.2_react-dom@19.2.4_react@19.2.4__react@19.2.4/node_modules/next/dist/client/dev/report-hmr-latency.js:13
[ 3035735ms] [WARNING] <meta name="apple-mobile-web-app-capable" content="yes"> is deprecated. Please include <meta name="mobile-web-app-capable" content="yes"> @ http://localhost:3000/assets:0
[ 3038777ms] [WARNING] The resource http://localhost:3000/_next/static/css/app/layout.css?v=1777881050057 was preloaded using link preload but not used within a few seconds from the window's load event. Please make sure it has an appropriate `as` value and it is preloaded intentionally. @ http://localhost:3000/assets:0
[ 3073146ms] [WARNING] <meta name="apple-mobile-web-app-capable" content="yes"> is deprecated. Please include <meta name="mobile-web-app-capable" content="yes"> @ http://localhost:3000/assets:0
[ 3076470ms] [WARNING] The resource http://localhost:3000/_next/static/css/app/layout.css?v=1777881050057 was preloaded using link preload but not used within a few seconds from the window's load event. Please make sure it has an appropriate `as` value and it is preloaded intentionally. @ http://localhost:3000/assets:0
[ 3092636ms] [WARNING] <meta name="apple-mobile-web-app-capable" content="yes"> is deprecated. Please include <meta name="mobile-web-app-capable" content="yes"> @ http://localhost:3000/assets:0
[ 3095665ms] [WARNING] The resource http://localhost:3000/_next/static/css/app/layout.css?v=1777881050057 was preloaded using link preload but not used within a few seconds from the window's load event. Please make sure it has an appropriate `as` value and it is preloaded intentionally. @ http://localhost:3000/assets:0
[ 3538561ms] [LOG] [Fast Refresh] rebuilding @ webpack-internal:///(app-pages-browser)/../../node_modules/.pnpm/next@15.5.12_@babel+core@7.29.0_@playwright+test@1.58.2_react-dom@19.2.4_react@19.2.4__react@19.2.4/node_modules/next/dist/client/dev/hot-reloader/app/hot-reloader-app.js:196
[ 3539646ms] [LOG] [Fast Refresh] done in 1085ms @ webpack-internal:///(app-pages-browser)/../../node_modules/.pnpm/next@15.5.12_@babel+core@7.29.0_@playwright+test@1.58.2_react-dom@19.2.4_react@19.2.4__react@19.2.4/node_modules/next/dist/client/dev/report-hmr-latency.js:13
[ 3540082ms] [WARNING] <meta name="apple-mobile-web-app-capable" content="yes"> is deprecated. Please include <meta name="mobile-web-app-capable" content="yes"> @ http://localhost:3000/assets:0
[ 3543119ms] [WARNING] The resource http://localhost:3000/_next/static/css/app/layout.css?v=1777881050057 was preloaded using link preload but not used within a few seconds from the window's load event. Please make sure it has an appropriate `as` value and it is preloaded intentionally. @ http://localhost:3000/assets:0
[ 3560143ms] [LOG] [Fast Refresh] rebuilding @ webpack-internal:///(app-pages-browser)/../../node_modules/.pnpm/next@15.5.12_@babel+core@7.29.0_@playwright+test@1.58.2_react-dom@19.2.4_react@19.2.4__react@19.2.4/node_modules/next/dist/client/dev/hot-reloader/app/hot-reloader-app.js:196
[ 3560844ms] [LOG] [Fast Refresh] done in 701ms @ webpack-internal:///(app-pages-browser)/../../node_modules/.pnpm/next@15.5.12_@babel+core@7.29.0_@playwright+test@1.58.2_react-dom@19.2.4_react@19.2.4__react@19.2.4/node_modules/next/dist/client/dev/report-hmr-latency.js:13
[ 3562437ms] [WARNING] <meta name="apple-mobile-web-app-capable" content="yes"> is deprecated. Please include <meta name="mobile-web-app-capable" content="yes"> @ http://localhost:3000/assets:0
[ 3565463ms] [WARNING] The resource http://localhost:3000/_next/static/css/app/layout.css?v=1777881050057 was preloaded using link preload but not used within a few seconds from the window's load event. Please make sure it has an appropriate `as` value and it is preloaded intentionally. @ http://localhost:3000/assets:0
[ 3788031ms] [LOG] [Fast Refresh] rebuilding @ webpack-internal:///(app-pages-browser)/../../node_modules/.pnpm/next@15.5.12_@babel+core@7.29.0_@playwright+test@1.58.2_react-dom@19.2.4_react@19.2.4__react@19.2.4/node_modules/next/dist/client/dev/hot-reloader/app/hot-reloader-app.js:196
[ 3789694ms] [LOG] [Fast Refresh] done in 1664ms @ webpack-internal:///(app-pages-browser)/../../node_modules/.pnpm/next@15.5.12_@babel+core@7.29.0_@playwright+test@1.58.2_react-dom@19.2.4_react@19.2.4__react@19.2.4/node_modules/next/dist/client/dev/report-hmr-latency.js:13
[ 3790109ms] [WARNING] <meta name="apple-mobile-web-app-capable" content="yes"> is deprecated. Please include <meta name="mobile-web-app-capable" content="yes"> @ http://localhost:3000/assets:0
[ 3793186ms] [WARNING] The resource http://localhost:3000/_next/static/css/app/layout.css?v=1777881050057 was preloaded using link preload but not used within a few seconds from the window's load event. Please make sure it has an appropriate `as` value and it is preloaded intentionally. @ http://localhost:3000/assets:0
[ 3879475ms] [LOG] [Fast Refresh] rebuilding @ webpack-internal:///(app-pages-browser)/../../node_modules/.pnpm/next@15.5.12_@babel+core@7.29.0_@playwright+test@1.58.2_react-dom@19.2.4_react@19.2.4__react@19.2.4/node_modules/next/dist/client/dev/hot-reloader/app/hot-reloader-app.js:196
[ 3881165ms] [LOG] [Fast Refresh] done in 1690ms @ webpack-internal:///(app-pages-browser)/../../node_modules/.pnpm/next@15.5.12_@babel+core@7.29.0_@playwright+test@1.58.2_react-dom@19.2.4_react@19.2.4__react@19.2.4/node_modules/next/dist/client/dev/report-hmr-latency.js:13
[ 3884182ms] [WARNING] The resource http://localhost:3000/_next/static/css/app/layout.css?v=1777881050057 was preloaded using link preload but not used within a few seconds from the window's load event. Please make sure it has an appropriate `as` value and it is preloaded intentionally. @ http://localhost:3000/assets:0
[ 4335841ms] [LOG] [Fast Refresh] rebuilding @ webpack-internal:///(app-pages-browser)/../../node_modules/.pnpm/next@15.5.12_@babel+core@7.29.0_@playwright+test@1.58.2_react-dom@19.2.4_react@19.2.4__react@19.2.4/node_modules/next/dist/client/dev/hot-reloader/app/hot-reloader-app.js:196
[ 4337313ms] [LOG] [Fast Refresh] rebuilding @ webpack-internal:///(app-pages-browser)/../../node_modules/.pnpm/next@15.5.12_@babel+core@7.29.0_@playwright+test@1.58.2_react-dom@19.2.4_react@19.2.4__react@19.2.4/node_modules/next/dist/client/dev/hot-reloader/app/hot-reloader-app.js:196
[ 4337518ms] [LOG] [Fast Refresh] done in 204ms @ webpack-internal:///(app-pages-browser)/../../node_modules/.pnpm/next@15.5.12_@babel+core@7.29.0_@playwright+test@1.58.2_react-dom@19.2.4_react@19.2.4__react@19.2.4/node_modules/next/dist/client/dev/report-hmr-latency.js:13
[ 4339640ms] [LOG] [Fast Refresh] done in 2327ms @ webpack-internal:///(app-pages-browser)/../../node_modules/.pnpm/next@15.5.12_@babel+core@7.29.0_@playwright+test@1.58.2_react-dom@19.2.4_react@19.2.4__react@19.2.4/node_modules/next/dist/client/dev/report-hmr-latency.js:13
[ 4340040ms] [WARNING] <meta name="apple-mobile-web-app-capable" content="yes"> is deprecated. Please include <meta name="mobile-web-app-capable" content="yes"> @ http://localhost:3000/assets:0
[ 4343066ms] [WARNING] The resource http://localhost:3000/_next/static/css/app/layout.css?v=1777881050057 was preloaded using link preload but not used within a few seconds from the window's load event. Please make sure it has an appropriate `as` value and it is preloaded intentionally. @ http://localhost:3000/assets:0
[ 4745250ms] [LOG] [Fast Refresh] rebuilding @ webpack-internal:///(app-pages-browser)/../../node_modules/.pnpm/next@15.5.12_@babel+core@7.29.0_@playwright+test@1.58.2_react-dom@19.2.4_react@19.2.4__react@19.2.4/node_modules/next/dist/client/dev/hot-reloader/app/hot-reloader-app.js:196
[ 4748530ms] [LOG] [Fast Refresh] done in 3279ms @ webpack-internal:///(app-pages-browser)/../../node_modules/.pnpm/next@15.5.12_@babel+core@7.29.0_@playwright+test@1.58.2_react-dom@19.2.4_react@19.2.4__react@19.2.4/node_modules/next/dist/client/dev/report-hmr-latency.js:13
[ 4750424ms] [WARNING] The resource http://localhost:3000/_next/static/css/app/layout.css?v=1777881050057 was preloaded using link preload but not used within a few seconds from the window's load event. Please make sure it has an appropriate `as` value and it is preloaded intentionally. @ http://localhost:3000/assets:0
[ 4751807ms] [LOG] [Fast Refresh] rebuilding @ webpack-internal:///(app-pages-browser)/../../node_modules/.pnpm/next@15.5.12_@babel+core@7.29.0_@playwright+test@1.58.2_react-dom@19.2.4_react@19.2.4__react@19.2.4/node_modules/next/dist/client/dev/hot-reloader/app/hot-reloader-app.js:196
[ 4751876ms] [WARNING] <meta name="apple-mobile-web-app-capable" content="yes"> is deprecated. Please include <meta name="mobile-web-app-capable" content="yes"> @ http://localhost:3000/assets:0
[ 4752378ms] [LOG] [Fast Refresh] rebuilding @ webpack-internal:///(app-pages-browser)/../../node_modules/.pnpm/next@15.5.12_@babel+core@7.29.0_@playwright+test@1.58.2_react-dom@19.2.4_react@19.2.4__react@19.2.4/node_modules/next/dist/client/dev/hot-reloader/app/hot-reloader-app.js:196
[ 4752591ms] [LOG] [Fast Refresh] done in 213ms @ webpack-internal:///(app-pages-browser)/../../node_modules/.pnpm/next@15.5.12_@babel+core@7.29.0_@playwright+test@1.58.2_react-dom@19.2.4_react@19.2.4__react@19.2.4/node_modules/next/dist/client/dev/report-hmr-latency.js:13
[ 4755763ms] [LOG] [Fast Refresh] done in 3386ms @ webpack-internal:///(app-pages-browser)/../../node_modules/.pnpm/next@15.5.12_@babel+core@7.29.0_@playwright+test@1.58.2_react-dom@19.2.4_react@19.2.4__react@19.2.4/node_modules/next/dist/client/dev/report-hmr-latency.js:13
[ 4755943ms] [WARNING] <meta name="apple-mobile-web-app-capable" content="yes"> is deprecated. Please include <meta name="mobile-web-app-capable" content="yes"> @ http://localhost:3000/assets:0
[ 4759154ms] [WARNING] The resource http://localhost:3000/_next/static/css/app/layout.css?v=1777881050057 was preloaded using link preload but not used within a few seconds from the window's load event. Please make sure it has an appropriate `as` value and it is preloaded intentionally. @ http://localhost:3000/assets:0
[ 4763243ms] [LOG] [Fast Refresh] rebuilding @ webpack-internal:///(app-pages-browser)/../../node_modules/.pnpm/next@15.5.12_@babel+core@7.29.0_@playwright+test@1.58.2_react-dom@19.2.4_react@19.2.4__react@19.2.4/node_modules/next/dist/client/dev/hot-reloader/app/hot-reloader-app.js:196
[ 4763571ms] [LOG] [Fast Refresh] rebuilding @ webpack-internal:///(app-pages-browser)/../../node_modules/.pnpm/next@15.5.12_@babel+core@7.29.0_@playwright+test@1.58.2_react-dom@19.2.4_react@19.2.4__react@19.2.4/node_modules/next/dist/client/dev/hot-reloader/app/hot-reloader-app.js:196
[ 4763774ms] [LOG] [Fast Refresh] done in 202ms @ webpack-internal:///(app-pages-browser)/../../node_modules/.pnpm/next@15.5.12_@babel+core@7.29.0_@playwright+test@1.58.2_react-dom@19.2.4_react@19.2.4__react@19.2.4/node_modules/next/dist/client/dev/report-hmr-latency.js:13
[ 4764499ms] [LOG] [Fast Refresh] done in 927ms @ webpack-internal:///(app-pages-browser)/../../node_modules/.pnpm/next@15.5.12_@babel+core@7.29.0_@playwright+test@1.58.2_react-dom@19.2.4_react@19.2.4__react@19.2.4/node_modules/next/dist/client/dev/report-hmr-latency.js:13
[ 4764637ms] [WARNING] <meta name="apple-mobile-web-app-capable" content="yes"> is deprecated. Please include <meta name="mobile-web-app-capable" content="yes"> @ http://localhost:3000/assets:0
[ 4767670ms] [WARNING] The resource http://localhost:3000/_next/static/css/app/layout.css?v=1777881050057 was preloaded using link preload but not used within a few seconds from the window's load event. Please make sure it has an appropriate `as` value and it is preloaded intentionally. @ http://localhost:3000/assets:0
